This is pdfTeX, Version 3.1415926-2.5-1.40.14 (TeX Live 2013/W32TeX) (format=pdflatex 2014.1.15)  19 FEB 2015 20:04
entering extended mode
 restricted \write18 enabled.
 %&-line parsing enabled.
**Ising_sim.tex
(./Ising_sim.tex
LaTeX2e <2011/06/27>
Babel <3.9h> and hyphenation patterns for 78 languages loaded.
(c:/texlive/2013/texmf-dist/tex/latex/base/article.cls
Document Class: article 2007/10/19 v1.4h Standard LaTeX document class
(c:/texlive/2013/texmf-dist/tex/latex/base/size12.clo
File: size12.clo 2007/10/19 v1.4h Standard LaTeX file (size option)
)
\c@part=\count79
\c@section=\count80
\c@subsection=\count81
\c@subsubsection=\count82
\c@paragraph=\count83
\c@subparagraph=\count84
\c@figure=\count85
\c@table=\count86
\abovecaptionskip=\skip41
\belowcaptionskip=\skip42
\bibindent=\dimen102
)
(c:/texlive/2013/texmf-dist/tex/latex/geometry/geometry.sty
Package: geometry 2010/09/12 v5.6 Page Geometry

(c:/texlive/2013/texmf-dist/tex/latex/graphics/keyval.sty
Package: keyval 1999/03/16 v1.13 key=value parser (DPC)
\KV@toks@=\toks14
)
(c:/texlive/2013/texmf-dist/tex/generic/oberdiek/ifpdf.sty
Package: ifpdf 2011/01/30 v2.3 Provides the ifpdf switch (HO)
Package ifpdf Info: pdfTeX in PDF mode is detected.
)
(c:/texlive/2013/texmf-dist/tex/generic/oberdiek/ifvtex.sty
Package: ifvtex 2010/03/01 v1.5 Detect VTeX and its facilities (HO)
Package ifvtex Info: VTeX not detected.
)
(c:/texlive/2013/texmf-dist/tex/generic/ifxetex/ifxetex.sty
Package: ifxetex 2010/09/12 v0.6 Provides ifxetex conditional
)
\Gm@cnth=\count87
\Gm@cntv=\count88
\c@Gm@tempcnt=\count89
\Gm@bindingoffset=\dimen103
\Gm@wd@mp=\dimen104
\Gm@odd@mp=\dimen105
\Gm@even@mp=\dimen106
\Gm@layoutwidth=\dimen107
\Gm@layoutheight=\dimen108
\Gm@layouthoffset=\dimen109
\Gm@layoutvoffset=\dimen110
\Gm@dimlist=\toks15
)
(c:/texlive/2013/texmf-dist/tex/latex/base/fontenc.sty
Package: fontenc 2005/09/27 v1.99g Standard LaTeX package

(c:/texlive/2013/texmf-dist/tex/latex/base/t1enc.def
File: t1enc.def 2005/09/27 v1.99g Standard LaTeX file
LaTeX Font Info:    Redeclaring font encoding T1 on input line 43.
))
(c:/texlive/2013/texmf-dist/tex/latex/base/inputenc.sty
Package: inputenc 2008/03/30 v1.1d Input encoding file
\inpenc@prehook=\toks16
\inpenc@posthook=\toks17

(c:/texlive/2013/texmf-dist/tex/latex/base/utf8.def
File: utf8.def 2008/04/05 v1.1m UTF-8 support for inputenc
Now handling font encoding OML ...
... no UTF-8 mapping file for font encoding OML
Now handling font encoding T1 ...
... processing UTF-8 mapping file for font encoding T1

(c:/texlive/2013/texmf-dist/tex/latex/base/t1enc.dfu
File: t1enc.dfu 2008/04/05 v1.1m UTF-8 support for inputenc
   defining Unicode char U+00A1 (decimal 161)
   defining Unicode char U+00A3 (decimal 163)
   defining Unicode char U+00AB (decimal 171)
   defining Unicode char U+00BB (decimal 187)
   defining Unicode char U+00BF (decimal 191)
   defining Unicode char U+00C0 (decimal 192)
   defining Unicode char U+00C1 (decimal 193)
   defining Unicode char U+00C2 (decimal 194)
   defining Unicode char U+00C3 (decimal 195)
   defining Unicode char U+00C4 (decimal 196)
   defining Unicode char U+00C5 (decimal 197)
   defining Unicode char U+00C6 (decimal 198)
   defining Unicode char U+00C7 (decimal 199)
   defining Unicode char U+00C8 (decimal 200)
   defining Unicode char U+00C9 (decimal 201)
   defining Unicode char U+00CA (decimal 202)
   defining Unicode char U+00CB (decimal 203)
   defining Unicode char U+00CC (decimal 204)
   defining Unicode char U+00CD (decimal 205)
   defining Unicode char U+00CE (decimal 206)
   defining Unicode char U+00CF (decimal 207)
   defining Unicode char U+00D0 (decimal 208)
   defining Unicode char U+00D1 (decimal 209)
   defining Unicode char U+00D2 (decimal 210)
   defining Unicode char U+00D3 (decimal 211)
   defining Unicode char U+00D4 (decimal 212)
   defining Unicode char U+00D5 (decimal 213)
   defining Unicode char U+00D6 (decimal 214)
   defining Unicode char U+00D8 (decimal 216)
   defining Unicode char U+00D9 (decimal 217)
   defining Unicode char U+00DA (decimal 218)
   defining Unicode char U+00DB (decimal 219)
   defining Unicode char U+00DC (decimal 220)
   defining Unicode char U+00DD (decimal 221)
   defining Unicode char U+00DE (decimal 222)
   defining Unicode char U+00DF (decimal 223)
   defining Unicode char U+00E0 (decimal 224)
   defining Unicode char U+00E1 (decimal 225)
   defining Unicode char U+00E2 (decimal 226)
   defining Unicode char U+00E3 (decimal 227)
   defining Unicode char U+00E4 (decimal 228)
   defining Unicode char U+00E5 (decimal 229)
   defining Unicode char U+00E6 (decimal 230)
   defining Unicode char U+00E7 (decimal 231)
   defining Unicode char U+00E8 (decimal 232)
   defining Unicode char U+00E9 (decimal 233)
   defining Unicode char U+00EA (decimal 234)
   defining Unicode char U+00EB (decimal 235)
   defining Unicode char U+00EC (decimal 236)
   defining Unicode char U+00ED (decimal 237)
   defining Unicode char U+00EE (decimal 238)
   defining Unicode char U+00EF (decimal 239)
   defining Unicode char U+00F0 (decimal 240)
   defining Unicode char U+00F1 (decimal 241)
   defining Unicode char U+00F2 (decimal 242)
   defining Unicode char U+00F3 (decimal 243)
   defining Unicode char U+00F4 (decimal 244)
   defining Unicode char U+00F5 (decimal 245)
   defining Unicode char U+00F6 (decimal 246)
   defining Unicode char U+00F8 (decimal 248)
   defining Unicode char U+00F9 (decimal 249)
   defining Unicode char U+00FA (decimal 250)
   defining Unicode char U+00FB (decimal 251)
   defining Unicode char U+00FC (decimal 252)
   defining Unicode char U+00FD (decimal 253)
   defining Unicode char U+00FE (decimal 254)
   defining Unicode char U+00FF (decimal 255)
   defining Unicode char U+0102 (decimal 258)
   defining Unicode char U+0103 (decimal 259)
   defining Unicode char U+0104 (decimal 260)
   defining Unicode char U+0105 (decimal 261)
   defining Unicode char U+0106 (decimal 262)
   defining Unicode char U+0107 (decimal 263)
   defining Unicode char U+010C (decimal 268)
   defining Unicode char U+010D (decimal 269)
   defining Unicode char U+010E (decimal 270)
   defining Unicode char U+010F (decimal 271)
   defining Unicode char U+0110 (decimal 272)
   defining Unicode char U+0111 (decimal 273)
   defining Unicode char U+0118 (decimal 280)
   defining Unicode char U+0119 (decimal 281)
   defining Unicode char U+011A (decimal 282)
   defining Unicode char U+011B (decimal 283)
   defining Unicode char U+011E (decimal 286)
   defining Unicode char U+011F (decimal 287)
   defining Unicode char U+0130 (decimal 304)
   defining Unicode char U+0131 (decimal 305)
   defining Unicode char U+0132 (decimal 306)
   defining Unicode char U+0133 (decimal 307)
   defining Unicode char U+0139 (decimal 313)
   defining Unicode char U+013A (decimal 314)
   defining Unicode char U+013D (decimal 317)
   defining Unicode char U+013E (decimal 318)
   defining Unicode char U+0141 (decimal 321)
   defining Unicode char U+0142 (decimal 322)
   defining Unicode char U+0143 (decimal 323)
   defining Unicode char U+0144 (decimal 324)
   defining Unicode char U+0147 (decimal 327)
   defining Unicode char U+0148 (decimal 328)
   defining Unicode char U+014A (decimal 330)
   defining Unicode char U+014B (decimal 331)
   defining Unicode char U+0150 (decimal 336)
   defining Unicode char U+0151 (decimal 337)
   defining Unicode char U+0152 (decimal 338)
   defining Unicode char U+0153 (decimal 339)
   defining Unicode char U+0154 (decimal 340)
   defining Unicode char U+0155 (decimal 341)
   defining Unicode char U+0158 (decimal 344)
   defining Unicode char U+0159 (decimal 345)
   defining Unicode char U+015A (decimal 346)
   defining Unicode char U+015B (decimal 347)
   defining Unicode char U+015E (decimal 350)
   defining Unicode char U+015F (decimal 351)
   defining Unicode char U+0160 (decimal 352)
   defining Unicode char U+0161 (decimal 353)
   defining Unicode char U+0162 (decimal 354)
   defining Unicode char U+0163 (decimal 355)
   defining Unicode char U+0164 (decimal 356)
   defining Unicode char U+0165 (decimal 357)
   defining Unicode char U+016E (decimal 366)
   defining Unicode char U+016F (decimal 367)
   defining Unicode char U+0170 (decimal 368)
   defining Unicode char U+0171 (decimal 369)
   defining Unicode char U+0178 (decimal 376)
   defining Unicode char U+0179 (decimal 377)
   defining Unicode char U+017A (decimal 378)
   defining Unicode char U+017B (decimal 379)
   defining Unicode char U+017C (decimal 380)
   defining Unicode char U+017D (decimal 381)
   defining Unicode char U+017E (decimal 382)
   defining Unicode char U+200C (decimal 8204)
   defining Unicode char U+2013 (decimal 8211)
   defining Unicode char U+2014 (decimal 8212)
   defining Unicode char U+2018 (decimal 8216)
   defining Unicode char U+2019 (decimal 8217)
   defining Unicode char U+201A (decimal 8218)
   defining Unicode char U+201C (decimal 8220)
   defining Unicode char U+201D (decimal 8221)
   defining Unicode char U+201E (decimal 8222)
   defining Unicode char U+2030 (decimal 8240)
   defining Unicode char U+2031 (decimal 8241)
   defining Unicode char U+2039 (decimal 8249)
   defining Unicode char U+203A (decimal 8250)
   defining Unicode char U+2423 (decimal 9251)
)
Now handling font encoding OT1 ...
... processing UTF-8 mapping file for font encoding OT1

(c:/texlive/2013/texmf-dist/tex/latex/base/ot1enc.dfu
File: ot1enc.dfu 2008/04/05 v1.1m UTF-8 support for inputenc
   defining Unicode char U+00A1 (decimal 161)
   defining Unicode char U+00A3 (decimal 163)
   defining Unicode char U+00B8 (decimal 184)
   defining Unicode char U+00BF (decimal 191)
   defining Unicode char U+00C5 (decimal 197)
   defining Unicode char U+00C6 (decimal 198)
   defining Unicode char U+00D8 (decimal 216)
   defining Unicode char U+00DF (decimal 223)
   defining Unicode char U+00E6 (decimal 230)
   defining Unicode char U+00EC (decimal 236)
   defining Unicode char U+00ED (decimal 237)
   defining Unicode char U+00EE (decimal 238)
   defining Unicode char U+00EF (decimal 239)
   defining Unicode char U+00F8 (decimal 248)
   defining Unicode char U+0131 (decimal 305)
   defining Unicode char U+0141 (decimal 321)
   defining Unicode char U+0142 (decimal 322)
   defining Unicode char U+0152 (decimal 338)
   defining Unicode char U+0153 (decimal 339)
   defining Unicode char U+2013 (decimal 8211)
   defining Unicode char U+2014 (decimal 8212)
   defining Unicode char U+2018 (decimal 8216)
   defining Unicode char U+2019 (decimal 8217)
   defining Unicode char U+201C (decimal 8220)
   defining Unicode char U+201D (decimal 8221)
)
Now handling font encoding OMS ...
... processing UTF-8 mapping file for font encoding OMS

(c:/texlive/2013/texmf-dist/tex/latex/base/omsenc.dfu
File: omsenc.dfu 2008/04/05 v1.1m UTF-8 support for inputenc
   defining Unicode char U+00A7 (decimal 167)
   defining Unicode char U+00B6 (decimal 182)
   defining Unicode char U+00B7 (decimal 183)
   defining Unicode char U+2020 (decimal 8224)
   defining Unicode char U+2021 (decimal 8225)
   defining Unicode char U+2022 (decimal 8226)
)
Now handling font encoding OMX ...
... no UTF-8 mapping file for font encoding OMX
Now handling font encoding U ...
... no UTF-8 mapping file for font encoding U
   defining Unicode char U+00A9 (decimal 169)
   defining Unicode char U+00AA (decimal 170)
   defining Unicode char U+00AE (decimal 174)
   defining Unicode char U+00BA (decimal 186)
   defining Unicode char U+02C6 (decimal 710)
   defining Unicode char U+02DC (decimal 732)
   defining Unicode char U+200C (decimal 8204)
   defining Unicode char U+2026 (decimal 8230)
   defining Unicode char U+2122 (decimal 8482)
   defining Unicode char U+2423 (decimal 9251)
))
(c:/texlive/2013/texmf-dist/tex/latex/wrapfig/wrapfig.sty
\wrapoverhang=\dimen111
\WF@size=\dimen112
\c@WF@wrappedlines=\count90
\WF@box=\box26
\WF@everypar=\toks18
Package: wrapfig 2003/01/31  v 3.6
)
(c:/texlive/2013/texmf-dist/tex/latex/graphics/graphicx.sty
Package: graphicx 1999/02/16 v1.0f Enhanced LaTeX Graphics (DPC,SPQR)

(c:/texlive/2013/texmf-dist/tex/latex/graphics/graphics.sty
Package: graphics 2009/02/05 v1.0o Standard LaTeX Graphics (DPC,SPQR)

(c:/texlive/2013/texmf-dist/tex/latex/graphics/trig.sty
Package: trig 1999/03/16 v1.09 sin cos tan (DPC)
)
(c:/texlive/2013/texmf-dist/tex/latex/latexconfig/graphics.cfg
File: graphics.cfg 2010/04/23 v1.9 graphics configuration of TeX Live
)
Package graphics Info: Driver file: pdftex.def on input line 91.

(c:/texlive/2013/texmf-dist/tex/latex/pdftex-def/pdftex.def
File: pdftex.def 2011/05/27 v0.06d Graphics/color for pdfTeX

(c:/texlive/2013/texmf-dist/tex/generic/oberdiek/infwarerr.sty
Package: infwarerr 2010/04/08 v1.3 Providing info/warning/error messages (HO)
)
(c:/texlive/2013/texmf-dist/tex/generic/oberdiek/ltxcmds.sty
Package: ltxcmds 2011/11/09 v1.22 LaTeX kernel commands for general use (HO)
)
\Gread@gobject=\count91
))
\Gin@req@height=\dimen113
\Gin@req@width=\dimen114
)
(c:/texlive/2013/texmf-dist/tex/latex/subfigure/subfigure.sty
Package: subfigure 2002/03/15 v2.1.5 subfigure package
\subfigtopskip=\skip43
\subfigcapskip=\skip44
\subfigcaptopadj=\dimen115
\subfigbottomskip=\skip45
\subfigcapmargin=\dimen116
\subfiglabelskip=\skip46
\c@subfigure=\count92
\c@lofdepth=\count93
\c@subtable=\count94
\c@lotdepth=\count95

****************************************
* Local config file subfigure.cfg used *
****************************************
(c:/texlive/2013/texmf-dist/tex/latex/subfigure/subfigure.cfg)
\subfig@top=\skip47
\subfig@bottom=\skip48
)
(c:/texlive/2013/texmf-dist/tex/latex/float/float.sty
Package: float 2001/11/08 v1.3d Float enhancements (AL)
\c@float@type=\count96
\float@exts=\toks19
\float@box=\box27
\@float@everytoks=\toks20
\@floatcapt=\box28
)
(c:/texlive/2013/texmf-dist/tex/latex/caption/caption.sty
Package: caption 2013/05/02 v3.3-89 Customizing captions (AR)

(c:/texlive/2013/texmf-dist/tex/latex/caption/caption3.sty
Package: caption3 2013/05/02 v1.6-88 caption3 kernel (AR)
Package caption3 Info: TeX engine: e-TeX on input line 57.
\captionmargin=\dimen117
\captionmargin@=\dimen118
\captionwidth=\dimen119
\caption@tempdima=\dimen120
\caption@indent=\dimen121
\caption@parindent=\dimen122
\caption@hangindent=\dimen123
)
\c@ContinuedFloat=\count97
Package caption Info: float package is loaded.
Package caption Info: subfigure package is loaded.
Package caption Info: wrapfig package is loaded.
)
(c:/texlive/2013/texmf-dist/tex/latex/chngcntr/chngcntr.sty
Package: chngcntr 2009/09/02 v1.0a change counter resetting
)
(c:/texlive/2013/texmf-dist/tex/latex/amsfonts/amsfonts.sty
Package: amsfonts 2013/01/14 v3.01 Basic AMSFonts support
\@emptytoks=\toks21
\symAMSa=\mathgroup4
\symAMSb=\mathgroup5
LaTeX Font Info:    Overwriting math alphabet `\mathfrak' in version `bold'
(Font)                  U/euf/m/n --> U/euf/b/n on input line 106.
)
(c:/texlive/2013/texmf-dist/tex/latex/amsfonts/amssymb.sty
Package: amssymb 2013/01/14 v3.01 AMS font symbols
)
(c:/texlive/2013/texmf-dist/tex/latex/amsmath/amsmath.sty
Package: amsmath 2013/01/14 v2.14 AMS math features
\@mathmargin=\skip49

For additional information on amsmath, use the `?' option.
(c:/texlive/2013/texmf-dist/tex/latex/amsmath/amstext.sty
Package: amstext 2000/06/29 v2.01

(c:/texlive/2013/texmf-dist/tex/latex/amsmath/amsgen.sty
File: amsgen.sty 1999/11/30 v2.0
\@emptytoks=\toks22
\ex@=\dimen124
))
(c:/texlive/2013/texmf-dist/tex/latex/amsmath/amsbsy.sty
Package: amsbsy 1999/11/29 v1.2d
\pmbraise@=\dimen125
)
(c:/texlive/2013/texmf-dist/tex/latex/amsmath/amsopn.sty
Package: amsopn 1999/12/14 v2.01 operator names
)
\inf@bad=\count98
LaTeX Info: Redefining \frac on input line 210.
\uproot@=\count99
\leftroot@=\count100
LaTeX Info: Redefining \overline on input line 306.
\classnum@=\count101
\DOTSCASE@=\count102
LaTeX Info: Redefining \ldots on input line 378.
LaTeX Info: Redefining \dots on input line 381.
LaTeX Info: Redefining \cdots on input line 466.
\Mathstrutbox@=\box29
\strutbox@=\box30
\big@size=\dimen126
LaTeX Font Info:    Redeclaring font encoding OML on input line 566.
LaTeX Font Info:    Redeclaring font encoding OMS on input line 567.
\macc@depth=\count103
\c@MaxMatrixCols=\count104
\dotsspace@=\muskip10
\c@parentequation=\count105
\dspbrk@lvl=\count106
\tag@help=\toks23
\row@=\count107
\column@=\count108
\maxfields@=\count109
\andhelp@=\toks24
\eqnshift@=\dimen127
\alignsep@=\dimen128
\tagshift@=\dimen129
\tagwidth@=\dimen130
\totwidth@=\dimen131
\lineht@=\dimen132
\@envbody=\toks25
\multlinegap=\skip50
\multlinetaggap=\skip51
\mathdisplay@stack=\toks26
LaTeX Info: Redefining \[ on input line 2665.
LaTeX Info: Redefining \] on input line 2666.
)
(c:/texlive/2013/texmf-dist/tex/latex/tools/verbatim.sty
Package: verbatim 2003/08/22 v1.5q LaTeX2e package for verbatim enhancements
\every@verbatim=\toks27
\verbatim@line=\toks28
\verbatim@in@stream=\read1
)
(c:/texlive/2013/texmf-dist/tex/latex/natbib/natbib.sty
Package: natbib 2010/09/13 8.31b (PWD, AO)
\bibhang=\skip52
\bibsep=\skip53
LaTeX Info: Redefining \cite on input line 694.
\c@NAT@ctr=\count110
)
(c:/texlive/2013/texmf-dist/tex/latex/babelbib/babelbib.sty
Package: babelbib 2012/01/03 v1.31 babelbib: multilingual bibliographies (HH)
\c@btxromaniannumeral=\count111
)
(c:/texlive/2013/texmf-dist/tex/generic/babel/babel.sty
Package: babel 2013/12/03 3.9h The Babel package

(c:/texlive/2013/texmf-dist/tex/generic/babel-german/germanb.ldf
Language: germanb 2013/12/13 v2.7 German support for babel (traditional orthogr
aphy)

(c:/texlive/2013/texmf-dist/tex/generic/babel/babel.def
File: babel.def 2013/12/03 3.9h Babel common definitions
\babel@savecnt=\count112
\U@D=\dimen133
)
\l@austrian = a dialect from \language\l@german 
Package babel Info: Making " an active character on input line 107.
)
(c:/texlive/2013/texmf-dist/tex/generic/babel-german/ngermanb.ldf
Language: ngermanb 2013/12/13 v2.7 German support for babel (new orthography)
\l@naustrian = a dialect from \language\l@ngerman 
\l@nswissgerman = a dialect from \language\l@ngerman 
))
(./Ising_sim.aux)
\openout1 = `Ising_sim.aux'.

LaTeX Font Info:    Checking defaults for OML/cmm/m/it on input line 39.
LaTeX Font Info:    ... okay on input line 39.
LaTeX Font Info:    Checking defaults for T1/cmr/m/n on input line 39.
LaTeX Font Info:    ... okay on input line 39.
LaTeX Font Info:    Checking defaults for OT1/cmr/m/n on input line 39.
LaTeX Font Info:    ... okay on input line 39.
LaTeX Font Info:    Checking defaults for OMS/cmsy/m/n on input line 39.
LaTeX Font Info:    ... okay on input line 39.
LaTeX Font Info:    Checking defaults for OMX/cmex/m/n on input line 39.
LaTeX Font Info:    ... okay on input line 39.
LaTeX Font Info:    Checking defaults for U/cmr/m/n on input line 39.
LaTeX Font Info:    ... okay on input line 39.

*geometry* driver: auto-detecting
*geometry* detected driver: pdftex
*geometry* verbose mode - [ preamble ] result:
* driver: pdftex
* paper: a4paper
* layout: <same size as paper>
* layoutoffset:(h,v)=(0.0pt,0.0pt)
* modes: 
* h-part:(L,W,R)=(56.9055pt, 483.69687pt, 56.9055pt)
* v-part:(T,H,B)=(71.13188pt, 717.00946pt, 56.9055pt)
* \paperwidth=597.50787pt
* \paperheight=845.04684pt
* \textwidth=483.69687pt
* \textheight=717.00946pt
* \oddsidemargin=-15.36449pt
* \evensidemargin=-15.36449pt
* \topmargin=-38.1381pt
* \headheight=12.0pt
* \headsep=25.0pt
* \topskip=12.0pt
* \footskip=30.0pt
* \marginparwidth=35.0pt
* \marginparsep=10.0pt
* \columnsep=10.0pt
* \skip\footins=10.8pt plus 4.0pt minus 2.0pt
* \hoffset=0.0pt
* \voffset=0.0pt
* \mag=1000
* \@twocolumnfalse
* \@twosidefalse
* \@mparswitchfalse
* \@reversemarginfalse
* (1in=72.27pt=25.4mm, 1cm=28.453pt)

(c:/texlive/2013/texmf-dist/tex/context/base/supp-pdf.mkii
[Loading MPS to PDF converter (version 2006.09.02).]
\scratchcounter=\count113
\scratchdimen=\dimen134
\scratchbox=\box31
\nofMPsegments=\count114
\nofMParguments=\count115
\everyMPshowfont=\toks29
\MPscratchCnt=\count116
\MPscratchDim=\dimen135
\MPnumerator=\count117
\makeMPintoPDFobject=\count118
\everyMPtoPDFconversion=\toks30
) (c:/texlive/2013/texmf-dist/tex/generic/oberdiek/pdftexcmds.sty
Package: pdftexcmds 2011/11/29 v0.20 Utility functions of pdfTeX for LuaTeX (HO
)

(c:/texlive/2013/texmf-dist/tex/generic/oberdiek/ifluatex.sty
Package: ifluatex 2010/03/01 v1.3 Provides the ifluatex switch (HO)
Package ifluatex Info: LuaTeX not detected.
)
Package pdftexcmds Info: LuaTeX not detected.
Package pdftexcmds Info: \pdf@primitive is available.
Package pdftexcmds Info: \pdf@ifprimitive is available.
Package pdftexcmds Info: \pdfdraftmode found.
)
(c:/texlive/2013/texmf-dist/tex/latex/oberdiek/epstopdf-base.sty
Package: epstopdf-base 2010/02/09 v2.5 Base part for package epstopdf

(c:/texlive/2013/texmf-dist/tex/latex/oberdiek/grfext.sty
Package: grfext 2010/08/19 v1.1 Manage graphics extensions (HO)

(c:/texlive/2013/texmf-dist/tex/generic/oberdiek/kvdefinekeys.sty
Package: kvdefinekeys 2011/04/07 v1.3 Define keys (HO)
))
(c:/texlive/2013/texmf-dist/tex/latex/oberdiek/kvoptions.sty
Package: kvoptions 2011/06/30 v3.11 Key value format for package options (HO)

(c:/texlive/2013/texmf-dist/tex/generic/oberdiek/kvsetkeys.sty
Package: kvsetkeys 2012/04/25 v1.16 Key value parser (HO)

(c:/texlive/2013/texmf-dist/tex/generic/oberdiek/etexcmds.sty
Package: etexcmds 2011/02/16 v1.5 Avoid name clashes with e-TeX commands (HO)
Package etexcmds Info: Could not find \expanded.
(etexcmds)             That can mean that you are not using pdfTeX 1.50 or
(etexcmds)             that some package has redefined \expanded.
(etexcmds)             In the latter case, load this package earlier.
)))
Package grfext Info: Graphics extension search list:
(grfext)             [.png,.pdf,.jpg,.mps,.jpeg,.jbig2,.jb2,.PNG,.PDF,.JPG,.JPE
G,.JBIG2,.JB2,.eps]
(grfext)             \AppendGraphicsExtensions on input line 452.

(c:/texlive/2013/texmf-dist/tex/latex/latexconfig/epstopdf-sys.cfg
File: epstopdf-sys.cfg 2010/07/13 v1.3 Configuration of (r)epstopdf for TeX Liv
e
))
Package caption Info: Begin \AtBeginDocument code.
Package caption Info: End \AtBeginDocument code.

babelbib: Use citation-dependent languages in bibliography
babelbib: Set bibliography fall-back language to ngerman
(c:/texlive/2013/texmf-dist/tex/latex/babelbib/german.bdf
File: german.bdf 2012/01/03 v1.31 babelbib: multilingual bibliographies (HH)

babelbib extension \bibsgerman added to \extrasgerman
babelbib extension \bibsngerman added to \extrasngerman
babelbib extension \btxifchangecaseoff added to \extrasgerman
babelbib extension \btxifchangecaseoff added to \extrasngerman
)
LaTeX Font Info:    Try loading font information for U+msa on input line 68.
 (c:/texlive/2013/texmf-dist/tex/latex/amsfonts/umsa.fd
File: umsa.fd 2013/01/14 v3.01 AMS symbols A
)
LaTeX Font Info:    Try loading font information for U+msb on input line 68.

(c:/texlive/2013/texmf-dist/tex/latex/amsfonts/umsb.fd
File: umsb.fd 2013/01/14 v3.01 AMS symbols B
) [1

{c:/texlive/2013/texmf-var/fonts/map/pdftex/updmap/pdftex.map}] (./Ising_sim.to
c)
\tf@toc=\write3
\openout3 = `Ising_sim.toc'.

 [1] (./theorie.tex
Underfull \hbox (badness 10000) in paragraph at lines 3--4

 []


Underfull \hbox (badness 10000) in paragraph at lines 6--9

 []

) [2] (./metropolis.tex
<../Graph_Export/MP2D/m(Steps)_r.jpg, id=28, 724.3863pt x 451.9284pt>
File: ../Graph_Export/MP2D/m(Steps)_r.jpg Graphic file (type jpg)

<use ../Graph_Export/MP2D/m(Steps)_r.jpg>
Package pdftex.def Info: ../Graph_Export/MP2D/m(Steps)_r.jpg used on input line
 27.
(pdftex.def)             Requested size: 227.3381pt x 141.82721pt.

<../Graph_Export/MP2D/m(Steps)_p.jpg, id=29, 725.5908pt x 454.5783pt>
File: ../Graph_Export/MP2D/m(Steps)_p.jpg Graphic file (type jpg)

<use ../Graph_Export/MP2D/m(Steps)_p.jpg>
Package pdftex.def Info: ../Graph_Export/MP2D/m(Steps)_p.jpg used on input line
 30.
(pdftex.def)             Requested size: 227.3381pt x 142.42299pt.

<../Graph_Export/MP3D/m(Steps)_r.jpg, id=30, 720.5319pt x 451.9284pt>
File: ../Graph_Export/MP3D/m(Steps)_r.jpg Graphic file (type jpg)

<use ../Graph_Export/MP3D/m(Steps)_r.jpg>
Package pdftex.def Info: ../Graph_Export/MP3D/m(Steps)_r.jpg used on input line
 33.
(pdftex.def)             Requested size: 227.3381pt x 142.59265pt.

<../Graph_Export/MP3D/m(Steps)_p.jpg, id=31, 719.3274pt x 451.9284pt>
File: ../Graph_Export/MP3D/m(Steps)_p.jpg Graphic file (type jpg)

<use ../Graph_Export/MP3D/m(Steps)_p.jpg>
Package pdftex.def Info: ../Graph_Export/MP3D/m(Steps)_p.jpg used on input line
 36.
(pdftex.def)             Requested size: 227.3381pt x 142.82712pt.
LaTeX Font Info:    Try loading font information for T1+cmss on input line 37.

(c:/texlive/2013/texmf-dist/tex/latex/base/t1cmss.fd
File: t1cmss.fd 1999/05/25 v2.5h Standard LaTeX font definitions
) [3]
<../Graph_Export/Endbilder/Bild_Ta.png, id=37, 451.6875pt x 451.6875pt>
File: ../Graph_Export/Endbilder/Bild_Ta.png Graphic file (type png)

<use ../Graph_Export/Endbilder/Bild_Ta.png>
Package pdftex.def Info: ../Graph_Export/Endbilder/Bild_Ta.png used on input li
ne 45.
(pdftex.def)             Requested size: 120.92421pt x 120.92342pt.

<../Graph_Export/Endbilder/Bild_Tb.png, id=38, 451.6875pt x 451.6875pt>
File: ../Graph_Export/Endbilder/Bild_Tb.png Graphic file (type png)

<use ../Graph_Export/Endbilder/Bild_Tb.png>
Package pdftex.def Info: ../Graph_Export/Endbilder/Bild_Tb.png used on input li
ne 48.
(pdftex.def)             Requested size: 120.92421pt x 120.92342pt.

<../Graph_Export/Endbilder/Bild_Tc.png, id=39, 451.6875pt x 451.6875pt>
File: ../Graph_Export/Endbilder/Bild_Tc.png Graphic file (type png)

<use ../Graph_Export/Endbilder/Bild_Tc.png>
Package pdftex.def Info: ../Graph_Export/Endbilder/Bild_Tc.png used on input li
ne 51.
(pdftex.def)             Requested size: 120.92421pt x 120.92342pt.
) [4 <../Graph_Export/MP2D/m(Steps)_r.jpg> <../Graph_Export/MP2D/m(Steps)_p.jpg
> <../Graph_Export/MP3D/m(Steps)_r.jpg> <../Graph_Export/MP3D/m(Steps)_p.jpg> <
../Graph_Export/Endbilder/Bild_Ta.png> <../Graph_Export/Endbilder/Bild_Tb.png> 
<../Graph_Export/Endbilder/Bild_Tc.png>] [5] (./auswertung.tex
<../Graph_Export/MP2D/m(T)_B=0_rMode_MP2D_50_Plot.jpg, id=54, 618.6312pt x 453.
1329pt>
File: ../Graph_Export/MP2D/m(T)_B=0_rMode_MP2D_50_Plot.jpg Graphic file (type j
pg)
 <use ../Graph_Export/MP2D/m(T)_B=0_rMode_MP2D_50_Plot.jpg>
Package pdftex.def Info: ../Graph_Export/MP2D/m(T)_B=0_rMode_MP2D_50_Plot.jpg u
sed on input line 25.
(pdftex.def)             Requested size: 217.66211pt x 159.42859pt.

<../Graph_Export/MP2D/m(T)_B=0_pnModes_MP2D_50_Plot.jpg, id=55, 619.8357pt x 45
4.5783pt>
File: ../Graph_Export/MP2D/m(T)_B=0_pnModes_MP2D_50_Plot.jpg Graphic file (type
 jpg)
 <use ../Graph_Export/MP2D/m(T)_B=0_pnModes_MP2D_50_Plot.jpg>
Package pdftex.def Info: ../Graph_Export/MP2D/m(T)_B=0_pnModes_MP2D_50_Plot.jpg
 used on input line 28.
(pdftex.def)             Requested size: 217.66211pt x 159.625pt.

<../Graph_Export/F(mag)_T.jpg, id=56, 592.1322pt x 401.0985pt>
File: ../Graph_Export/F(mag)_T.jpg Graphic file (type jpg)

<use ../Graph_Export/F(mag)_T.jpg>
Package pdftex.def Info: ../Graph_Export/F(mag)_T.jpg used on input line 36.
(pdftex.def)             Requested size: 193.47578pt x 131.05316pt.
 [6 <../Graph_Export/MP2D/m(T)_B=0_rMode_MP2D_50_Plot.jpg> <../Graph_Export/MP2
D/m(T)_B=0_pnModes_MP2D_50_Plot.jpg>]
<../Graph_Export/MP2D/m(T)_MP2D_50_Plot.jpg, id=61, 620.0766pt x 454.5783pt>
File: ../Graph_Export/MP2D/m(T)_MP2D_50_Plot.jpg Graphic file (type jpg)

<use ../Graph_Export/MP2D/m(T)_MP2D_50_Plot.jpg>
Package pdftex.def Info: ../Graph_Export/MP2D/m(T)_MP2D_50_Plot.jpg used on inp
ut line 46.
(pdftex.def)             Requested size: 411.14528pt x 301.4168pt.
 [7 <../Graph_Export/F(mag)_T.jpg>]
<../Graph_Export/MP3D/m(T)_B=0_rMode_MP3D_Plot.jpg, id=65, 625.1355pt x 454.578
3pt>
File: ../Graph_Export/MP3D/m(T)_B=0_rMode_MP3D_Plot.jpg Graphic file (type jpg)

 <use ../Graph_Export/MP3D/m(T)_B=0_rMode_MP3D_Plot.jpg>
Package pdftex.def Info: ../Graph_Export/MP3D/m(T)_B=0_rMode_MP3D_Plot.jpg used
 on input line 66.
(pdftex.def)             Requested size: 217.66211pt x 158.27243pt.

<../Graph_Export/MP3D/m(T)_B=0_pnModes_MP3D_Plot.jpg, id=66, 623.931pt x 453.37
38pt>
File: ../Graph_Export/MP3D/m(T)_B=0_pnModes_MP3D_Plot.jpg Graphic file (type jp
g)
 <use ../Graph_Export/MP3D/m(T)_B=0_pnModes_MP3D_Plot.jpg>
Package pdftex.def Info: ../Graph_Export/MP3D/m(T)_B=0_pnModes_MP3D_Plot.jpg us
ed on input line 69.
(pdftex.def)             Requested size: 217.66211pt x 158.15744pt.
 [8 <../Graph_Export/MP2D/m(T)_MP2D_50_Plot.jpg> <../Graph_Export/MP3D/m(T)_B=0
_rMode_MP3D_Plot.jpg> <../Graph_Export/MP3D/m(T)_B=0_pnModes_MP3D_Plot.jpg>]
<../Graph_Export/MP3D/m(T)_MP3D_Plot.jpg, id=70, 617.4267pt x 454.5783pt>
File: ../Graph_Export/MP3D/m(T)_MP3D_Plot.jpg Graphic file (type jpg)

<use ../Graph_Export/MP3D/m(T)_MP3D_Plot.jpg>
Package pdftex.def Info: ../Graph_Export/MP3D/m(T)_MP3D_Plot.jpg used on input 
line 79.
(pdftex.def)             Requested size: 411.14528pt x 302.70694pt.

<../Graph_Export/MP2D/m(B)_MP2D_Plot.jpg, id=71, 625.1355pt x 449.5194pt>
File: ../Graph_Export/MP2D/m(B)_MP2D_Plot.jpg Graphic file (type jpg)

<use ../Graph_Export/MP2D/m(B)_MP2D_Plot.jpg>
Package pdftex.def Info: ../Graph_Export/MP2D/m(B)_MP2D_Plot.jpg used on input 
line 93.
(pdftex.def)             Requested size: 217.66211pt x 156.51105pt.

<../Graph_Export/MP3D/m(B)_MP3D_Plot.jpg, id=72, 621.0402pt x 449.5194pt>
File: ../Graph_Export/MP3D/m(B)_MP3D_Plot.jpg Graphic file (type jpg)

<use ../Graph_Export/MP3D/m(B)_MP3D_Plot.jpg>
Package pdftex.def Info: ../Graph_Export/MP3D/m(B)_MP3D_Plot.jpg used on input 
line 96.
(pdftex.def)             Requested size: 217.66211pt x 157.54677pt.
 [9 <../Graph_Export/MP3D/m(T)_MP3D_Plot.jpg>] <../Graph_Export/F(mag)_B.jpg, i
d=76, 584.4234pt x 412.4208pt>
File: ../Graph_Export/F(mag)_B.jpg Graphic file (type jpg)

<use ../Graph_Export/F(mag)_B.jpg>
Package pdftex.def Info: ../Graph_Export/F(mag)_B.jpg used on input line 103.
(pdftex.def)             Requested size: 193.47578pt x 136.5335pt.
) [10 <../Graph_Export/MP2D/m(B)_MP2D_Plot.jpg> <../Graph_Export/MP3D/m(B)_MP3D
_Plot.jpg> <../Graph_Export/F(mag)_B.jpg>]
(./cluster.tex
<../Graph_Export/cluster_veranschaulichung/Abbildung41.png, id=80, 451.6875pt x
 451.6875pt>
File: ../Graph_Export/cluster_veranschaulichung/Abbildung41.png Graphic file (t
ype png)
 <use ../Graph_Export/cluster_veranschaulichung/Abbildung41.png>
Package pdftex.def Info: ../Graph_Export/cluster_veranschaulichung/Abbildung41.
png used on input line 16.
(pdftex.def)             Requested size: 120.92421pt x 120.92342pt.

<../Graph_Export/cluster_veranschaulichung/Abbildung42.png, id=81, 451.6875pt x
 451.6875pt>
File: ../Graph_Export/cluster_veranschaulichung/Abbildung42.png Graphic file (t
ype png)
 <use ../Graph_Export/cluster_veranschaulichung/Abbildung42.png>
Package pdftex.def Info: ../Graph_Export/cluster_veranschaulichung/Abbildung42.
png used on input line 19.
(pdftex.def)             Requested size: 120.92421pt x 120.92342pt.

<../Graph_Export/cluster_veranschaulichung/Abbildung43a.png, id=82, 451.6875pt 
x 451.6875pt>
File: ../Graph_Export/cluster_veranschaulichung/Abbildung43a.png Graphic file (
type png)
 <use ../Graph_Export/cluster_veranschaulichung/Abbildung43a.png>
Package pdftex.def Info: ../Graph_Export/cluster_veranschaulichung/Abbildung43a
.png used on input line 22.
(pdftex.def)             Requested size: 120.92421pt x 120.92342pt.

<../Graph_Export/cluster_veranschaulichung/Abbildung43b.png, id=83, 451.6875pt 
x 451.6875pt>
File: ../Graph_Export/cluster_veranschaulichung/Abbildung43b.png Graphic file (
type png)
 <use ../Graph_Export/cluster_veranschaulichung/Abbildung43b.png>
Package pdftex.def Info: ../Graph_Export/cluster_veranschaulichung/Abbildung43b
.png used on input line 25.
(pdftex.def)             Requested size: 120.92421pt x 120.92342pt.

<../Graph_Export/cluster_veranschaulichung/Abbildung43c.png, id=84, 451.6875pt 
x 451.6875pt>
File: ../Graph_Export/cluster_veranschaulichung/Abbildung43c.png Graphic file (
type png)
 <use ../Graph_Export/cluster_veranschaulichung/Abbildung43c.png>
Package pdftex.def Info: ../Graph_Export/cluster_veranschaulichung/Abbildung43c
.png used on input line 28.
(pdftex.def)             Requested size: 120.92421pt x 120.92342pt.

<../Graph_Export/cluster_veranschaulichung/Abbildung44.png, id=85, 451.6875pt x
 451.6875pt>
File: ../Graph_Export/cluster_veranschaulichung/Abbildung44.png Graphic file (t
ype png)
 <use ../Graph_Export/cluster_veranschaulichung/Abbildung44.png>
Package pdftex.def Info: ../Graph_Export/cluster_veranschaulichung/Abbildung44.
png used on input line 31.
(pdftex.def)             Requested size: 120.92421pt x 120.92342pt.

Underfull \hbox (badness 10000) in paragraph at lines 5--34

 []


Underfull \hbox (badness 10000) in paragraph at lines 5--34

 []


Underfull \hbox (badness 10000) in paragraph at lines 38--40

 []

[11 <../Graph_Export/cluster_veranschaulichung/Abbildung41.png> <../Graph_Expor
t/cluster_veranschaulichung/Abbildung42.png> <../Graph_Export/cluster_veranscha
ulichung/Abbildung43a.png> <../Graph_Export/cluster_veranschaulichung/Abbildung
43b.png> <../Graph_Export/cluster_veranschaulichung/Abbildung43c.png> <../Graph
_Export/cluster_veranschaulichung/Abbildung44.png>]

LaTeX Warning: Command \ss invalid in math mode on input line 44.

Missing character: There is no ÿ in font cmr8!

LaTeX Warning: Command \ss invalid in math mode on input line 50.

Missing character: There is no ÿ in font cmr8!

LaTeX Warning: Command \ss invalid in math mode on input line 50.

Missing character: There is no ÿ in font cmr8!

LaTeX Warning: Command \ss invalid in math mode on input line 56.

Missing character: There is no ÿ in font cmr8!

LaTeX Warning: Command \ss invalid in math mode on input line 56.

Missing character: There is no ÿ in font cmr8!

LaTeX Warning: Command \ss invalid in math mode on input line 63.


LaTeX Warning: Command \ss invalid in math mode on input line 63.

Missing character: There is no ÿ in font cmr6!
Missing character: There is no ÿ in font cmr6!

LaTeX Warning: Command \ss invalid in math mode on input line 63.


LaTeX Warning: Command \ss invalid in math mode on input line 63.

Missing character: There is no ÿ in font cmr6!
Missing character: There is no ÿ in font cmr6!

Underfull \hbox (badness 10000) in paragraph at lines 67--68

 []


Underfull \hbox (badness 10000) in paragraph at lines 67--68

 []

<../Graph_Export/CU2D/m(steps)_Plot.jpg, id=95, 631.3989pt x 498.9039pt>
File: ../Graph_Export/CU2D/m(steps)_Plot.jpg Graphic file (type jpg)

<use ../Graph_Export/CU2D/m(steps)_Plot.jpg>
Package pdftex.def Info: ../Graph_Export/CU2D/m(steps)_Plot.jpg used on input l
ine 73.
(pdftex.def)             Requested size: 227.3381pt x 179.6281pt.

<../Graph_Export/CU2D/abs(m(steps))_Plot.jpg, id=96, 642.7212pt x 507.8172pt>
File: ../Graph_Export/CU2D/abs(m(steps))_Plot.jpg Graphic file (type jpg)

<use ../Graph_Export/CU2D/abs(m(steps))_Plot.jpg>
Package pdftex.def Info: ../Graph_Export/CU2D/abs(m(steps))_Plot.jpg used on in
put line 76.
(pdftex.def)             Requested size: 227.3381pt x 179.61385pt.
File: ../Graph_Export/MP2D/m(Steps)_r.jpg Graphic file (type jpg)

<use ../Graph_Export/MP2D/m(Steps)_r.jpg>
Package pdftex.def Info: ../Graph_Export/MP2D/m(Steps)_r.jpg used on input line
 79.
(pdftex.def)             Requested size: 227.3381pt x 141.82721pt.

Underfull \hbox (badness 1540) in paragraph at lines 80--80
[][]|\T1/cmr/m/n/10.95 Kon-ver-genz der Ma-gne-ti-sie-rung im Ver-gleich zwi-sc
hen Metropolis- und
 []

[12]
<../Graph_Export/CU3D/abs(m(steps))_Plot.jpg, id=101, 646.8165pt x 505.4082pt>
File: ../Graph_Export/CU3D/abs(m(steps))_Plot.jpg Graphic file (type jpg)

<use ../Graph_Export/CU3D/abs(m(steps))_Plot.jpg>
Package pdftex.def Info: ../Graph_Export/CU3D/abs(m(steps))_Plot.jpg used on in
put line 91.
(pdftex.def)             Requested size: 227.3381pt x 177.63585pt.
File: ../Graph_Export/MP3D/m(Steps)_r.jpg Graphic file (type jpg)

<use ../Graph_Export/MP3D/m(Steps)_r.jpg>
Package pdftex.def Info: ../Graph_Export/MP3D/m(Steps)_r.jpg used on input line
 94.
(pdftex.def)             Requested size: 227.3381pt x 142.59265pt.

Underfull \hbox (badness 1540) in paragraph at lines 95--95
[][]|\T1/cmr/m/n/10.95 Kon-ver-genz der Ma-gne-ti-sie-rung im Ver-gleich zwi-sc
hen Metropolis- und
 []

[13 <../Graph_Export/CU2D/m(steps)_Plot.jpg> <../Graph_Export/CU2D/abs(m(steps)
)_Plot.jpg>]
<../Graph_Export/CU2D/m(T)_B=0_matModes_CU2D_Plot.jpg, id=105, 623.931pt x 455.
7828pt>
File: ../Graph_Export/CU2D/m(T)_B=0_matModes_CU2D_Plot.jpg Graphic file (type j
pg)
 <use ../Graph_Export/CU2D/m(T)_B=0_matModes_CU2D_Plot.jpg>
Package pdftex.def Info: ../Graph_Export/CU2D/m(T)_B=0_matModes_CU2D_Plot.jpg u
sed on input line 105.
(pdftex.def)             Requested size: 227.3381pt x 166.07072pt.

<../Graph_Export/MP2D/m(T)_B=0_matModes_MP2D_50_Plot.jpg, id=106, 616.2222pt x 
454.5783pt>
File: ../Graph_Export/MP2D/m(T)_B=0_matModes_MP2D_50_Plot.jpg Graphic file (typ
e jpg)
 <use ../Graph_Export/MP2D/m(T)_B=0_matModes_MP2D_50_Plot.jpg>
Package pdftex.def Info: ../Graph_Export/MP2D/m(T)_B=0_matModes_MP2D_50_Plot.jp
g used on input line 108.
(pdftex.def)             Requested size: 227.3381pt x 167.69885pt.
)
[14 <../Graph_Export/CU3D/abs(m(steps))_Plot.jpg> <../Graph_Export/CU2D/m(T)_B=
0_matModes_CU2D_Plot.jpg> <../Graph_Export/MP2D/m(T)_B=0_matModes_MP2D_50_Plot.
jpg>] (./fazit.tex) [15] (./Ising_sim.lof)
\tf@lof=\write4
\openout4 = `Ising_sim.lof'.

LaTeX Font Info:    Try loading font information for OMS+cmr on input line 113.


(c:/texlive/2013/texmf-dist/tex/latex/base/omscmr.fd
File: omscmr.fd 1999/05/25 v2.5h Standard LaTeX font definitions
)
LaTeX Font Info:    Font shape `OMS/cmr/m/n' in size <12> not available
(Font)              Font shape `OMS/cmsy/m/n' tried instead on input line 113.

Overfull \hbox (35.20241pt too wide) in paragraph at lines 122--123
[]\T1/cmr/m/n/12 http://www.icp.uni-stuttgart.de/ icp/mediawiki/images/0/03/Hs0
910_thass_ausarbeitung.pdf 
 []

[16] (./Ising_sim.aux) ) 
Here is how much of TeX's memory you used:
 5979 strings out of 493308
 87254 string characters out of 6141367
 160022 words of memory out of 5000000
 9255 multiletter control sequences out of 15000+600000
 22918 words of font info for 65 fonts, out of 8000000 for 9000
 957 hyphenation exceptions out of 8191
 38i,10n,38p,1830b,371s stack positions out of 5000i,500n,10000p,200000b,80000s
{c:/texlive/2013/texmf-dist/fonts/enc/dvips/cm-super/cm
-super-t1.enc}<c:/texlive/2013/texmf-dist/fonts/type1/public/amsfonts/cm/cmex10
.pfb><c:/texlive/2013/texmf-dist/fonts/type1/public/amsfonts/cm/cmmi10.pfb><c:/
texlive/2013/texmf-dist/fonts/type1/public/amsfonts/cm/cmmi12.pfb><c:/texlive/2
013/texmf-dist/fonts/type1/public/amsfonts/cm/cmmi6.pfb><c:/texlive/2013/texmf-
dist/fonts/type1/public/amsfonts/cm/cmmi7.pfb><c:/texlive/2013/texmf-dist/fonts
/type1/public/amsfonts/cm/cmmi8.pfb><c:/texlive/2013/texmf-dist/fonts/type1/pub
lic/amsfonts/cm/cmr10.pfb><c:/texlive/2013/texmf-dist/fonts/type1/public/amsfon
ts/cm/cmr12.pfb><c:/texlive/2013/texmf-dist/fonts/type1/public/amsfonts/cm/cmr6
.pfb><c:/texlive/2013/texmf-dist/fonts/type1/public/amsfonts/cm/cmr8.pfb><c:/te
xlive/2013/texmf-dist/fonts/type1/public/amsfonts/cm/cmsy10.pfb><c:/texlive/201
3/texmf-dist/fonts/type1/public/amsfonts/cm/cmsy6.pfb><c:/texlive/2013/texmf-di
st/fonts/type1/public/amsfonts/cm/cmsy8.pfb><c:/texlive/2013/texmf-dist/fonts/t
ype1/public/cm-super/sfbx1200.pfb><c:/texlive/2013/texmf-dist/fonts/type1/publi
c/cm-super/sfbx1440.pfb><c:/texlive/2013/texmf-dist/fonts/type1/public/cm-super
/sfbx1728.pfb><c:/texlive/2013/texmf-dist/fonts/type1/public/cm-super/sfcc1200.
pfb><c:/texlive/2013/texmf-dist/fonts/type1/public/cm-super/sfrm1000.pfb><c:/te
xlive/2013/texmf-dist/fonts/type1/public/cm-super/sfrm1095.pfb><c:/texlive/2013
/texmf-dist/fonts/type1/public/cm-super/sfrm1200.pfb><c:/texlive/2013/texmf-dis
t/fonts/type1/public/cm-super/sfrm1440.pfb><c:/texlive/2013/texmf-dist/fonts/ty
pe1/public/cm-super/sfrm2074.pfb><c:/texlive/2013/texmf-dist/fonts/type1/public
/cm-super/sfsx1095.pfb>
Output written on Ising_sim.pdf (17 pages, 17642901 bytes).
PDF statistics:
 190 PDF objects out of 1000 (max. 8388607)
 109 compressed objects within 2 object streams
 0 named destinations out of 1000 (max. 500000)
 141 words of extra memory for PDF output out of 10000 (max. 10000000)

